{"/Users/pk107320/Documents/Projects/medic-admin/src/api/index.js": {"path":"/Users/pk107320/Documents/Projects/medic-admin/src/api/index.js","all":false,"statementMap":{"0":{"start":{"line":1,"column":0},"end":{"line":1,"column":26}},"1":{"start":{"line":2,"column":0},"end":{"line":2,"column":0}},"2":{"start":{"line":3,"column":0},"end":{"line":3,"column":50}},"3":{"start":{"line":4,"column":0},"end":{"line":4,"column":0}},"4":{"start":{"line":5,"column":0},"end":{"line":5,"column":33}},"5":{"start":{"line":6,"column":0},"end":{"line":6,"column":30}},"6":{"start":{"line":7,"column":0},"end":{"line":7,"column":1}},"7":{"start":{"line":8,"column":0},"end":{"line":8,"column":0}},"8":{"start":{"line":9,"column":0},"end":{"line":9,"column":40}},"9":{"start":{"line":10,"column":0},"end":{"line":10,"column":44}},"10":{"start":{"line":11,"column":0},"end":{"line":11,"column":1}},"11":{"start":{"line":12,"column":0},"end":{"line":12,"column":0}},"12":{"start":{"line":13,"column":0},"end":{"line":13,"column":43}},"13":{"start":{"line":14,"column":0},"end":{"line":14,"column":54}},"14":{"start":{"line":15,"column":0},"end":{"line":15,"column":1}},"15":{"start":{"line":16,"column":0},"end":{"line":16,"column":0}},"16":{"start":{"line":17,"column":0},"end":{"line":17,"column":48}},"17":{"start":{"line":18,"column":0},"end":{"line":18,"column":57}},"18":{"start":{"line":19,"column":0},"end":{"line":19,"column":1}}},"s":{"0":1,"1":1,"2":1,"3":1,"4":1,"5":5,"6":5,"7":1,"8":1,"9":3,"10":3,"11":1,"12":1,"13":1,"14":1,"15":1,"16":1,"17":3,"18":3},"branchMap":{"0":{"type":"branch","line":5,"loc":{"start":{"line":5,"column":26},"end":{"line":7,"column":1}},"locations":[{"start":{"line":5,"column":26},"end":{"line":7,"column":1}}]},"1":{"type":"branch","line":9,"loc":{"start":{"line":9,"column":25},"end":{"line":11,"column":1}},"locations":[{"start":{"line":9,"column":25},"end":{"line":11,"column":1}}]},"2":{"type":"branch","line":13,"loc":{"start":{"line":13,"column":26},"end":{"line":15,"column":1}},"locations":[{"start":{"line":13,"column":26},"end":{"line":15,"column":1}}]},"3":{"type":"branch","line":17,"loc":{"start":{"line":17,"column":23},"end":{"line":19,"column":1}},"locations":[{"start":{"line":17,"column":23},"end":{"line":19,"column":1}}]}},"b":{"0":[5],"1":[3],"2":[1],"3":[3]},"fnMap":{"0":{"name":"fetchDrugs","decl":{"start":{"line":5,"column":26},"end":{"line":7,"column":1}},"loc":{"start":{"line":5,"column":26},"end":{"line":7,"column":1}},"line":5},"1":{"name":"postDrugs","decl":{"start":{"line":9,"column":25},"end":{"line":11,"column":1}},"loc":{"start":{"line":9,"column":25},"end":{"line":11,"column":1}},"line":9},"2":{"name":"deleteDrug","decl":{"start":{"line":13,"column":26},"end":{"line":15,"column":1}},"loc":{"start":{"line":13,"column":26},"end":{"line":15,"column":1}},"line":13},"3":{"name":"putDrug","decl":{"start":{"line":17,"column":23},"end":{"line":19,"column":1}},"loc":{"start":{"line":17,"column":23},"end":{"line":19,"column":1}},"line":17}},"f":{"0":5,"1":3,"2":1,"3":3}}
,"/Users/pk107320/Documents/Projects/medic-admin/src/components/ErrorFallback/ErrorFallback.jsx": {"path":"/Users/pk107320/Documents/Projects/medic-admin/src/components/ErrorFallback/ErrorFallback.jsx","all":false,"statementMap":{"0":{"start":{"line":1,"column":0},"end":{"line":1,"column":50}},"1":{"start":{"line":2,"column":0},"end":{"line":2,"column":68}},"2":{"start":{"line":3,"column":0},"end":{"line":3,"column":63}},"3":{"start":{"line":4,"column":0},"end":{"line":4,"column":30}},"4":{"start":{"line":5,"column":0},"end":{"line":5,"column":0}},"5":{"start":{"line":6,"column":0},"end":{"line":6,"column":58}},"6":{"start":{"line":7,"column":0},"end":{"line":7,"column":12}},"7":{"start":{"line":8,"column":0},"end":{"line":8,"column":39}},"8":{"start":{"line":9,"column":0},"end":{"line":9,"column":0}},"9":{"start":{"line":10,"column":0},"end":{"line":10,"column":29}},"10":{"start":{"line":11,"column":0},"end":{"line":11,"column":0}},"11":{"start":{"line":12,"column":0},"end":{"line":12,"column":49}},"12":{"start":{"line":13,"column":0},"end":{"line":13,"column":0}},"13":{"start":{"line":14,"column":0},"end":{"line":14,"column":54}},"14":{"start":{"line":15,"column":0},"end":{"line":15,"column":77}},"15":{"start":{"line":16,"column":0},"end":{"line":16,"column":49}},"16":{"start":{"line":17,"column":0},"end":{"line":17,"column":33}},"17":{"start":{"line":18,"column":0},"end":{"line":18,"column":84}},"18":{"start":{"line":19,"column":0},"end":{"line":19,"column":34}},"19":{"start":{"line":20,"column":0},"end":{"line":20,"column":88}},"20":{"start":{"line":21,"column":0},"end":{"line":21,"column":0}},"21":{"start":{"line":22,"column":0},"end":{"line":22,"column":46}},"22":{"start":{"line":23,"column":0},"end":{"line":23,"column":87}},"23":{"start":{"line":24,"column":0},"end":{"line":24,"column":41}},"24":{"start":{"line":25,"column":0},"end":{"line":25,"column":37}},"25":{"start":{"line":26,"column":0},"end":{"line":26,"column":30}},"26":{"start":{"line":27,"column":0},"end":{"line":27,"column":26}},"27":{"start":{"line":28,"column":0},"end":{"line":28,"column":0}},"28":{"start":{"line":29,"column":0},"end":{"line":29,"column":26}},"29":{"start":{"line":30,"column":0},"end":{"line":30,"column":0}},"30":{"start":{"line":31,"column":0},"end":{"line":31,"column":24}},"31":{"start":{"line":32,"column":0},"end":{"line":32,"column":0}},"32":{"start":{"line":33,"column":0},"end":{"line":33,"column":14}},"33":{"start":{"line":34,"column":0},"end":{"line":34,"column":6}},"34":{"start":{"line":35,"column":0},"end":{"line":35,"column":2}},"35":{"start":{"line":36,"column":0},"end":{"line":36,"column":0}},"36":{"start":{"line":37,"column":0},"end":{"line":37,"column":29}}},"s":{"0":1,"1":1,"2":1,"3":1,"4":1,"5":1,"6":2,"7":2,"8":2,"9":2,"10":2,"11":2,"12":2,"13":2,"14":2,"15":2,"16":2,"17":2,"18":2,"19":2,"20":2,"21":2,"22":2,"23":2,"24":2,"25":2,"26":2,"27":2,"28":2,"29":2,"30":2,"31":2,"32":2,"33":2,"34":2,"35":1,"36":1},"branchMap":{"0":{"type":"branch","line":6,"loc":{"start":{"line":6,"column":22},"end":{"line":35,"column":2}},"locations":[{"start":{"line":6,"column":22},"end":{"line":35,"column":2}}]}},"b":{"0":[2]},"fnMap":{"0":{"name":"ErrorFallback","decl":{"start":{"line":6,"column":22},"end":{"line":35,"column":2}},"loc":{"start":{"line":6,"column":22},"end":{"line":35,"column":2}},"line":6}},"f":{"0":2}}
,"/Users/pk107320/Documents/Projects/medic-admin/src/components/Medication/Add/AddMedication.jsx": {"path":"/Users/pk107320/Documents/Projects/medic-admin/src/components/Medication/Add/AddMedication.jsx","all":false,"statementMap":{"0":{"start":{"line":1,"column":0},"end":{"line":1,"column":51}},"1":{"start":{"line":2,"column":0},"end":{"line":2,"column":0}},"2":{"start":{"line":3,"column":0},"end":{"line":3,"column":29}},"3":{"start":{"line":4,"column":0},"end":{"line":4,"column":28}},"4":{"start":{"line":5,"column":0},"end":{"line":5,"column":1}},"5":{"start":{"line":6,"column":0},"end":{"line":6,"column":0}},"6":{"start":{"line":7,"column":0},"end":{"line":7,"column":28}}},"s":{"0":1,"1":1,"2":1,"3":1,"4":1,"5":1,"6":1},"branchMap":{"0":{"type":"branch","line":3,"loc":{"start":{"line":3,"column":22},"end":{"line":5,"column":1}},"locations":[{"start":{"line":3,"column":22},"end":{"line":5,"column":1}}]}},"b":{"0":[1]},"fnMap":{"0":{"name":"AddMedication","decl":{"start":{"line":3,"column":22},"end":{"line":5,"column":1}},"loc":{"start":{"line":3,"column":22},"end":{"line":5,"column":1}},"line":3}},"f":{"0":1}}
,"/Users/pk107320/Documents/Projects/medic-admin/src/components/Medication/Edit/EditMedication.jsx": {"path":"/Users/pk107320/Documents/Projects/medic-admin/src/components/Medication/Edit/EditMedication.jsx","all":false,"statementMap":{"0":{"start":{"line":1,"column":0},"end":{"line":1,"column":46}},"1":{"start":{"line":2,"column":0},"end":{"line":2,"column":52}},"2":{"start":{"line":3,"column":0},"end":{"line":3,"column":0}},"3":{"start":{"line":4,"column":0},"end":{"line":4,"column":30}},"4":{"start":{"line":5,"column":0},"end":{"line":5,"column":0}},"5":{"start":{"line":6,"column":0},"end":{"line":6,"column":34}},"6":{"start":{"line":7,"column":0},"end":{"line":7,"column":0}},"7":{"start":{"line":8,"column":0},"end":{"line":8,"column":10}},"8":{"start":{"line":9,"column":0},"end":{"line":9,"column":42}},"9":{"start":{"line":10,"column":0},"end":{"line":10,"column":25}},"10":{"start":{"line":11,"column":0},"end":{"line":11,"column":35}},"11":{"start":{"line":12,"column":0},"end":{"line":12,"column":6}},"12":{"start":{"line":13,"column":0},"end":{"line":13,"column":3}},"13":{"start":{"line":14,"column":0},"end":{"line":14,"column":1}},"14":{"start":{"line":15,"column":0},"end":{"line":15,"column":0}},"15":{"start":{"line":16,"column":0},"end":{"line":16,"column":29}}},"s":{"0":1,"1":1,"2":1,"3":1,"4":1,"5":1,"6":1,"7":1,"8":1,"9":1,"10":1,"11":1,"12":1,"13":1,"14":1,"15":1},"branchMap":{"0":{"type":"branch","line":4,"loc":{"start":{"line":4,"column":23},"end":{"line":14,"column":1}},"locations":[{"start":{"line":4,"column":23},"end":{"line":14,"column":1}}]}},"b":{"0":[1]},"fnMap":{"0":{"name":"EditMedication","decl":{"start":{"line":4,"column":23},"end":{"line":14,"column":1}},"loc":{"start":{"line":4,"column":23},"end":{"line":14,"column":1}},"line":4}},"f":{"0":1}}
,"/Users/pk107320/Documents/Projects/medic-admin/src/components/Medication/Form/MedicationForm.jsx": {"path":"/Users/pk107320/Documents/Projects/medic-admin/src/components/Medication/Form/MedicationForm.jsx","all":false,"statementMap":{"0":{"start":{"line":1,"column":0},"end":{"line":1,"column":45}},"1":{"start":{"line":2,"column":0},"end":{"line":2,"column":33}},"2":{"start":{"line":3,"column":0},"end":{"line":3,"column":62}},"3":{"start":{"line":4,"column":0},"end":{"line":4,"column":41}},"4":{"start":{"line":5,"column":0},"end":{"line":5,"column":34}},"5":{"start":{"line":6,"column":0},"end":{"line":6,"column":57}},"6":{"start":{"line":7,"column":0},"end":{"line":7,"column":65}},"7":{"start":{"line":8,"column":0},"end":{"line":8,"column":0}},"8":{"start":{"line":9,"column":0},"end":{"line":9,"column":0}},"9":{"start":{"line":10,"column":0},"end":{"line":10,"column":24}},"10":{"start":{"line":11,"column":0},"end":{"line":11,"column":5}},"11":{"start":{"line":12,"column":0},"end":{"line":12,"column":23}},"12":{"start":{"line":13,"column":0},"end":{"line":13,"column":61}},"13":{"start":{"line":14,"column":0},"end":{"line":14,"column":43}},"14":{"start":{"line":15,"column":0},"end":{"line":15,"column":7}},"15":{"start":{"line":16,"column":0},"end":{"line":16,"column":35}},"16":{"start":{"line":17,"column":0},"end":{"line":17,"column":28}},"17":{"start":{"line":18,"column":0},"end":{"line":18,"column":5}},"18":{"start":{"line":19,"column":0},"end":{"line":19,"column":6}},"19":{"start":{"line":20,"column":0},"end":{"line":20,"column":0}},"20":{"start":{"line":21,"column":0},"end":{"line":21,"column":2}},"21":{"start":{"line":22,"column":0},"end":{"line":22,"column":24}},"22":{"start":{"line":23,"column":0},"end":{"line":23,"column":32}},"23":{"start":{"line":24,"column":0},"end":{"line":24,"column":5}},"24":{"start":{"line":25,"column":0},"end":{"line":25,"column":0}},"25":{"start":{"line":26,"column":0},"end":{"line":26,"column":66}},"26":{"start":{"line":27,"column":0},"end":{"line":27,"column":0}},"27":{"start":{"line":28,"column":0},"end":{"line":28,"column":73}},"28":{"start":{"line":29,"column":0},"end":{"line":29,"column":0}},"29":{"start":{"line":30,"column":0},"end":{"line":30,"column":39}},"30":{"start":{"line":31,"column":0},"end":{"line":31,"column":0}},"31":{"start":{"line":32,"column":0},"end":{"line":32,"column":34}},"32":{"start":{"line":33,"column":0},"end":{"line":33,"column":25}},"33":{"start":{"line":34,"column":0},"end":{"line":34,"column":0}},"34":{"start":{"line":35,"column":0},"end":{"line":35,"column":11}},"35":{"start":{"line":36,"column":0},"end":{"line":36,"column":47}},"36":{"start":{"line":37,"column":0},"end":{"line":37,"column":81}},"37":{"start":{"line":38,"column":0},"end":{"line":38,"column":19}},"38":{"start":{"line":39,"column":0},"end":{"line":39,"column":50}},"39":{"start":{"line":40,"column":0},"end":{"line":40,"column":7}},"40":{"start":{"line":41,"column":0},"end":{"line":41,"column":0}},"41":{"start":{"line":42,"column":0},"end":{"line":42,"column":40}},"42":{"start":{"line":43,"column":0},"end":{"line":43,"column":11}},"43":{"start":{"line":44,"column":0},"end":{"line":44,"column":55}},"44":{"start":{"line":45,"column":0},"end":{"line":45,"column":72}},"45":{"start":{"line":46,"column":0},"end":{"line":46,"column":19}},"46":{"start":{"line":47,"column":0},"end":{"line":47,"column":49}},"47":{"start":{"line":48,"column":0},"end":{"line":48,"column":7}},"48":{"start":{"line":49,"column":0},"end":{"line":49,"column":5}},"49":{"start":{"line":50,"column":0},"end":{"line":50,"column":3}},"50":{"start":{"line":51,"column":0},"end":{"line":51,"column":0}},"51":{"start":{"line":52,"column":0},"end":{"line":52,"column":19}},"52":{"start":{"line":53,"column":0},"end":{"line":53,"column":55}},"53":{"start":{"line":54,"column":0},"end":{"line":54,"column":14}},"54":{"start":{"line":55,"column":0},"end":{"line":55,"column":5}},"55":{"start":{"line":56,"column":0},"end":{"line":56,"column":47}},"56":{"start":{"line":57,"column":0},"end":{"line":57,"column":0}},"57":{"start":{"line":58,"column":0},"end":{"line":58,"column":10}},"58":{"start":{"line":59,"column":0},"end":{"line":59,"column":6}},"59":{"start":{"line":60,"column":0},"end":{"line":60,"column":31}},"60":{"start":{"line":61,"column":0},"end":{"line":61,"column":0}},"61":{"start":{"line":62,"column":0},"end":{"line":62,"column":12}},"62":{"start":{"line":63,"column":0},"end":{"line":63,"column":81}},"63":{"start":{"line":64,"column":0},"end":{"line":64,"column":0}},"64":{"start":{"line":65,"column":0},"end":{"line":65,"column":19}},"65":{"start":{"line":66,"column":0},"end":{"line":66,"column":0}},"66":{"start":{"line":67,"column":0},"end":{"line":67,"column":15}},"67":{"start":{"line":68,"column":0},"end":{"line":68,"column":0}},"68":{"start":{"line":69,"column":0},"end":{"line":69,"column":32}},"69":{"start":{"line":70,"column":0},"end":{"line":70,"column":12}},"70":{"start":{"line":71,"column":0},"end":{"line":71,"column":68}},"71":{"start":{"line":72,"column":0},"end":{"line":72,"column":72}},"72":{"start":{"line":73,"column":0},"end":{"line":73,"column":90}},"73":{"start":{"line":74,"column":0},"end":{"line":74,"column":27}},"74":{"start":{"line":75,"column":0},"end":{"line":75,"column":58}},"75":{"start":{"line":76,"column":0},"end":{"line":76,"column":28}},"76":{"start":{"line":77,"column":0},"end":{"line":77,"column":52}},"77":{"start":{"line":78,"column":0},"end":{"line":78,"column":38}},"78":{"start":{"line":79,"column":0},"end":{"line":79,"column":58}},"79":{"start":{"line":80,"column":0},"end":{"line":80,"column":21}},"80":{"start":{"line":81,"column":0},"end":{"line":81,"column":0}},"81":{"start":{"line":82,"column":0},"end":{"line":82,"column":142}},"82":{"start":{"line":83,"column":0},"end":{"line":83,"column":25}},"83":{"start":{"line":84,"column":0},"end":{"line":84,"column":0}},"84":{"start":{"line":85,"column":0},"end":{"line":85,"column":76}},"85":{"start":{"line":86,"column":0},"end":{"line":86,"column":47}},"86":{"start":{"line":87,"column":0},"end":{"line":87,"column":28}},"87":{"start":{"line":88,"column":0},"end":{"line":88,"column":62}},"88":{"start":{"line":89,"column":0},"end":{"line":89,"column":28}},"89":{"start":{"line":90,"column":0},"end":{"line":90,"column":45}},"90":{"start":{"line":91,"column":0},"end":{"line":91,"column":42}},"91":{"start":{"line":92,"column":0},"end":{"line":92,"column":51}},"92":{"start":{"line":93,"column":0},"end":{"line":93,"column":21}},"93":{"start":{"line":94,"column":0},"end":{"line":94,"column":134}},"94":{"start":{"line":95,"column":0},"end":{"line":95,"column":25}},"95":{"start":{"line":96,"column":0},"end":{"line":96,"column":0}},"96":{"start":{"line":97,"column":0},"end":{"line":97,"column":78}},"97":{"start":{"line":98,"column":0},"end":{"line":98,"column":50}},"98":{"start":{"line":99,"column":0},"end":{"line":99,"column":26}},"99":{"start":{"line":100,"column":0},"end":{"line":100,"column":65}},"100":{"start":{"line":101,"column":0},"end":{"line":101,"column":41}},"101":{"start":{"line":102,"column":0},"end":{"line":102,"column":45}},"102":{"start":{"line":103,"column":0},"end":{"line":103,"column":54}},"103":{"start":{"line":104,"column":0},"end":{"line":104,"column":19}},"104":{"start":{"line":105,"column":0},"end":{"line":105,"column":15}},"105":{"start":{"line":106,"column":0},"end":{"line":106,"column":69}},"106":{"start":{"line":107,"column":0},"end":{"line":107,"column":56}},"107":{"start":{"line":108,"column":0},"end":{"line":108,"column":54}},"108":{"start":{"line":109,"column":0},"end":{"line":109,"column":28}},"109":{"start":{"line":110,"column":0},"end":{"line":110,"column":138}},"110":{"start":{"line":111,"column":0},"end":{"line":111,"column":25}},"111":{"start":{"line":112,"column":0},"end":{"line":112,"column":0}},"112":{"start":{"line":113,"column":0},"end":{"line":113,"column":77}},"113":{"start":{"line":114,"column":0},"end":{"line":114,"column":48}},"114":{"start":{"line":115,"column":0},"end":{"line":115,"column":27}},"115":{"start":{"line":116,"column":0},"end":{"line":116,"column":63}},"116":{"start":{"line":117,"column":0},"end":{"line":117,"column":39}},"117":{"start":{"line":118,"column":0},"end":{"line":118,"column":43}},"118":{"start":{"line":119,"column":0},"end":{"line":119,"column":52}},"119":{"start":{"line":120,"column":0},"end":{"line":120,"column":20}},"120":{"start":{"line":121,"column":0},"end":{"line":121,"column":67}},"121":{"start":{"line":122,"column":0},"end":{"line":122,"column":62}},"122":{"start":{"line":123,"column":0},"end":{"line":123,"column":64}},"123":{"start":{"line":124,"column":0},"end":{"line":124,"column":66}},"124":{"start":{"line":125,"column":0},"end":{"line":125,"column":28}},"125":{"start":{"line":126,"column":0},"end":{"line":126,"column":134}},"126":{"start":{"line":127,"column":0},"end":{"line":127,"column":25}},"127":{"start":{"line":128,"column":0},"end":{"line":128,"column":0}},"128":{"start":{"line":129,"column":0},"end":{"line":129,"column":76}},"129":{"start":{"line":130,"column":0},"end":{"line":130,"column":47}},"130":{"start":{"line":131,"column":0},"end":{"line":131,"column":28}},"131":{"start":{"line":132,"column":0},"end":{"line":132,"column":62}},"132":{"start":{"line":133,"column":0},"end":{"line":133,"column":28}},"133":{"start":{"line":134,"column":0},"end":{"line":134,"column":45}},"134":{"start":{"line":135,"column":0},"end":{"line":135,"column":42}},"135":{"start":{"line":136,"column":0},"end":{"line":136,"column":50}},"136":{"start":{"line":137,"column":0},"end":{"line":137,"column":21}},"137":{"start":{"line":138,"column":0},"end":{"line":138,"column":134}},"138":{"start":{"line":139,"column":0},"end":{"line":139,"column":25}},"139":{"start":{"line":140,"column":0},"end":{"line":140,"column":0}},"140":{"start":{"line":141,"column":0},"end":{"line":141,"column":73}},"141":{"start":{"line":142,"column":0},"end":{"line":142,"column":44}},"142":{"start":{"line":143,"column":0},"end":{"line":143,"column":27}},"143":{"start":{"line":144,"column":0},"end":{"line":144,"column":59}},"144":{"start":{"line":145,"column":0},"end":{"line":145,"column":35}},"145":{"start":{"line":146,"column":0},"end":{"line":146,"column":39}},"146":{"start":{"line":147,"column":0},"end":{"line":147,"column":47}},"147":{"start":{"line":148,"column":0},"end":{"line":148,"column":20}},"148":{"start":{"line":149,"column":0},"end":{"line":149,"column":63}},"149":{"start":{"line":150,"column":0},"end":{"line":150,"column":50}},"150":{"start":{"line":151,"column":0},"end":{"line":151,"column":66}},"151":{"start":{"line":152,"column":0},"end":{"line":152,"column":60}},"152":{"start":{"line":153,"column":0},"end":{"line":153,"column":28}},"153":{"start":{"line":154,"column":0},"end":{"line":154,"column":126}},"154":{"start":{"line":155,"column":0},"end":{"line":155,"column":25}},"155":{"start":{"line":156,"column":0},"end":{"line":156,"column":0}},"156":{"start":{"line":157,"column":0},"end":{"line":157,"column":64}},"157":{"start":{"line":158,"column":0},"end":{"line":158,"column":83}},"158":{"start":{"line":159,"column":0},"end":{"line":159,"column":25}},"159":{"start":{"line":160,"column":0},"end":{"line":160,"column":0}},"160":{"start":{"line":161,"column":0},"end":{"line":161,"column":88}},"161":{"start":{"line":162,"column":0},"end":{"line":162,"column":20}},"162":{"start":{"line":163,"column":0},"end":{"line":163,"column":21}},"163":{"start":{"line":164,"column":0},"end":{"line":164,"column":17}},"164":{"start":{"line":165,"column":0},"end":{"line":165,"column":12}},"165":{"start":{"line":166,"column":0},"end":{"line":166,"column":18}},"166":{"start":{"line":167,"column":0},"end":{"line":167,"column":0}},"167":{"start":{"line":168,"column":0},"end":{"line":168,"column":16}},"168":{"start":{"line":169,"column":0},"end":{"line":169,"column":0}},"169":{"start":{"line":170,"column":0},"end":{"line":170,"column":20}},"170":{"start":{"line":171,"column":0},"end":{"line":171,"column":13}},"171":{"start":{"line":172,"column":0},"end":{"line":172,"column":35}},"172":{"start":{"line":173,"column":0},"end":{"line":173,"column":10}},"173":{"start":{"line":174,"column":0},"end":{"line":174,"column":7}},"174":{"start":{"line":175,"column":0},"end":{"line":175,"column":3}},"175":{"start":{"line":176,"column":0},"end":{"line":176,"column":1}},"176":{"start":{"line":177,"column":0},"end":{"line":177,"column":0}},"177":{"start":{"line":178,"column":0},"end":{"line":178,"column":30}}},"s":{"0":1,"1":1,"2":1,"3":1,"4":1,"5":1,"6":1,"7":1,"8":1,"9":1,"10":34,"11":34,"12":34,"13":34,"14":34,"15":34,"16":34,"17":34,"18":34,"19":34,"20":34,"21":34,"22":34,"23":34,"24":34,"25":34,"26":34,"27":34,"28":34,"29":34,"30":4,"31":4,"32":2,"33":2,"34":2,"35":2,"36":1,"37":2,"38":1,"39":1,"40":2,"41":2,"42":2,"43":2,"44":1,"45":2,"46":1,"47":1,"48":2,"49":4,"50":34,"51":34,"52":17,"53":2,"54":2,"55":34,"56":34,"57":34,"58":34,"59":34,"60":34,"61":34,"62":34,"63":34,"64":34,"65":34,"66":34,"67":34,"68":34,"69":34,"70":34,"71":34,"72":34,"73":34,"74":34,"75":34,"76":34,"77":34,"78":34,"79":34,"80":34,"81":34,"82":34,"83":34,"84":34,"85":34,"86":34,"87":34,"88":34,"89":34,"90":34,"91":34,"92":34,"93":34,"94":34,"95":34,"96":34,"97":34,"98":34,"99":34,"100":34,"101":34,"102":34,"103":34,"104":34,"105":34,"106":34,"107":34,"108":34,"109":34,"110":34,"111":34,"112":34,"113":34,"114":34,"115":34,"116":34,"117":34,"118":34,"119":34,"120":34,"121":34,"122":34,"123":34,"124":34,"125":34,"126":34,"127":34,"128":34,"129":34,"130":34,"131":34,"132":34,"133":34,"134":34,"135":34,"136":34,"137":34,"138":34,"139":34,"140":34,"141":34,"142":34,"143":34,"144":34,"145":34,"146":34,"147":34,"148":34,"149":34,"150":34,"151":34,"152":34,"153":34,"154":34,"155":34,"156":34,"157":34,"158":34,"159":34,"160":34,"161":34,"162":34,"163":34,"164":34,"165":34,"166":34,"167":34,"168":34,"169":34,"170":34,"171":34,"172":34,"173":34,"174":34,"175":34,"176":1,"177":1},"branchMap":{"0":{"type":"branch","line":10,"loc":{"start":{"line":10,"column":23},"end":{"line":176,"column":1}},"locations":[{"start":{"line":10,"column":23},"end":{"line":176,"column":1}}]},"1":{"type":"branch","line":75,"loc":{"start":{"line":75,"column":35},"end":{"line":75,"column":52}},"locations":[{"start":{"line":75,"column":35},"end":{"line":75,"column":52}}]},"2":{"type":"branch","line":75,"loc":{"start":{"line":75,"column":41},"end":{"line":75,"column":58}},"locations":[{"start":{"line":75,"column":41},"end":{"line":75,"column":58}}]},"3":{"type":"branch","line":82,"loc":{"start":{"line":82,"column":25},"end":{"line":82,"column":42}},"locations":[{"start":{"line":82,"column":25},"end":{"line":82,"column":42}}]},"4":{"type":"branch","line":82,"loc":{"start":{"line":82,"column":31},"end":{"line":82,"column":142}},"locations":[{"start":{"line":82,"column":31},"end":{"line":82,"column":142}}]},"5":{"type":"branch","line":88,"loc":{"start":{"line":88,"column":35},"end":{"line":88,"column":56}},"locations":[{"start":{"line":88,"column":35},"end":{"line":88,"column":56}}]},"6":{"type":"branch","line":88,"loc":{"start":{"line":88,"column":45},"end":{"line":88,"column":62}},"locations":[{"start":{"line":88,"column":45},"end":{"line":88,"column":62}}]},"7":{"type":"branch","line":94,"loc":{"start":{"line":94,"column":25},"end":{"line":94,"column":46}},"locations":[{"start":{"line":94,"column":25},"end":{"line":94,"column":46}}]},"8":{"type":"branch","line":94,"loc":{"start":{"line":94,"column":35},"end":{"line":94,"column":134}},"locations":[{"start":{"line":94,"column":35},"end":{"line":94,"column":134}}]},"9":{"type":"branch","line":100,"loc":{"start":{"line":100,"column":35},"end":{"line":100,"column":59}},"locations":[{"start":{"line":100,"column":35},"end":{"line":100,"column":59}}]},"10":{"type":"branch","line":100,"loc":{"start":{"line":100,"column":48},"end":{"line":100,"column":65}},"locations":[{"start":{"line":100,"column":48},"end":{"line":100,"column":65}}]},"11":{"type":"branch","line":110,"loc":{"start":{"line":110,"column":23},"end":{"line":110,"column":47}},"locations":[{"start":{"line":110,"column":23},"end":{"line":110,"column":47}}]},"12":{"type":"branch","line":110,"loc":{"start":{"line":110,"column":36},"end":{"line":110,"column":138}},"locations":[{"start":{"line":110,"column":36},"end":{"line":110,"column":138}}]},"13":{"type":"branch","line":116,"loc":{"start":{"line":116,"column":35},"end":{"line":116,"column":57}},"locations":[{"start":{"line":116,"column":35},"end":{"line":116,"column":57}}]},"14":{"type":"branch","line":116,"loc":{"start":{"line":116,"column":46},"end":{"line":116,"column":63}},"locations":[{"start":{"line":116,"column":46},"end":{"line":116,"column":63}}]},"15":{"type":"branch","line":126,"loc":{"start":{"line":126,"column":23},"end":{"line":126,"column":45}},"locations":[{"start":{"line":126,"column":23},"end":{"line":126,"column":45}}]},"16":{"type":"branch","line":126,"loc":{"start":{"line":126,"column":34},"end":{"line":126,"column":134}},"locations":[{"start":{"line":126,"column":34},"end":{"line":126,"column":134}}]},"17":{"type":"branch","line":132,"loc":{"start":{"line":132,"column":35},"end":{"line":132,"column":56}},"locations":[{"start":{"line":132,"column":35},"end":{"line":132,"column":56}}]},"18":{"type":"branch","line":132,"loc":{"start":{"line":132,"column":45},"end":{"line":132,"column":62}},"locations":[{"start":{"line":132,"column":45},"end":{"line":132,"column":62}}]},"19":{"type":"branch","line":138,"loc":{"start":{"line":138,"column":25},"end":{"line":138,"column":46}},"locations":[{"start":{"line":138,"column":25},"end":{"line":138,"column":46}}]},"20":{"type":"branch","line":138,"loc":{"start":{"line":138,"column":35},"end":{"line":138,"column":134}},"locations":[{"start":{"line":138,"column":35},"end":{"line":138,"column":134}}]},"21":{"type":"branch","line":144,"loc":{"start":{"line":144,"column":35},"end":{"line":144,"column":53}},"locations":[{"start":{"line":144,"column":35},"end":{"line":144,"column":53}}]},"22":{"type":"branch","line":144,"loc":{"start":{"line":144,"column":42},"end":{"line":144,"column":59}},"locations":[{"start":{"line":144,"column":42},"end":{"line":144,"column":59}}]},"23":{"type":"branch","line":154,"loc":{"start":{"line":154,"column":23},"end":{"line":154,"column":41}},"locations":[{"start":{"line":154,"column":23},"end":{"line":154,"column":41}}]},"24":{"type":"branch","line":154,"loc":{"start":{"line":154,"column":30},"end":{"line":154,"column":126}},"locations":[{"start":{"line":154,"column":30},"end":{"line":154,"column":126}}]},"25":{"type":"branch","line":161,"loc":{"start":{"line":161,"column":63},"end":{"line":161,"column":88}},"locations":[{"start":{"line":161,"column":63},"end":{"line":161,"column":88}}]},"26":{"type":"branch","line":30,"loc":{"start":{"line":30,"column":24},"end":{"line":50,"column":3}},"locations":[{"start":{"line":30,"column":24},"end":{"line":50,"column":3}}]},"27":{"type":"branch","line":32,"loc":{"start":{"line":32,"column":33},"end":{"line":49,"column":5}},"locations":[{"start":{"line":32,"column":33},"end":{"line":49,"column":5}}]},"28":{"type":"branch","line":36,"loc":{"start":{"line":36,"column":45},"end":{"line":37,"column":81}},"locations":[{"start":{"line":36,"column":45},"end":{"line":37,"column":81}}]},"29":{"type":"branch","line":38,"loc":{"start":{"line":38,"column":6},"end":{"line":40,"column":7}},"locations":[{"start":{"line":38,"column":6},"end":{"line":40,"column":7}}]},"30":{"type":"branch","line":44,"loc":{"start":{"line":44,"column":53},"end":{"line":45,"column":72}},"locations":[{"start":{"line":44,"column":53},"end":{"line":45,"column":72}}]},"31":{"type":"branch","line":46,"loc":{"start":{"line":46,"column":6},"end":{"line":48,"column":7}},"locations":[{"start":{"line":46,"column":6},"end":{"line":48,"column":7}}]},"32":{"type":"branch","line":52,"loc":{"start":{"line":52,"column":12},"end":{"line":56,"column":5}},"locations":[{"start":{"line":52,"column":12},"end":{"line":56,"column":5}}]},"33":{"type":"branch","line":53,"loc":{"start":{"line":53,"column":8},"end":{"line":53,"column":54}},"locations":[{"start":{"line":53,"column":8},"end":{"line":53,"column":54}}]},"34":{"type":"branch","line":53,"loc":{"start":{"line":53,"column":54},"end":{"line":55,"column":5}},"locations":[{"start":{"line":53,"column":54},"end":{"line":55,"column":5}}]}},"b":{"0":[34],"1":[1],"2":[33],"3":[1],"4":[1],"5":[1],"6":[33],"7":[1],"8":[1],"9":[3],"10":[31],"11":[3],"12":[3],"13":[3],"14":[31],"15":[3],"16":[3],"17":[3],"18":[31],"19":[3],"20":[3],"21":[3],"22":[31],"23":[3],"24":[3],"25":[21],"26":[4],"27":[2],"28":[1],"29":[1],"30":[1],"31":[1],"32":[17],"33":[4],"34":[2]},"fnMap":{"0":{"name":"MedicationForm","decl":{"start":{"line":10,"column":23},"end":{"line":176,"column":1}},"loc":{"start":{"line":10,"column":23},"end":{"line":176,"column":1}},"line":10},"1":{"name":"submitHandler","decl":{"start":{"line":30,"column":24},"end":{"line":50,"column":3}},"loc":{"start":{"line":30,"column":24},"end":{"line":50,"column":3}},"line":30}},"f":{"0":34,"1":4}}
,"/Users/pk107320/Documents/Projects/medic-admin/src/components/Medication/List/ListMedicine.jsx": {"path":"/Users/pk107320/Documents/Projects/medic-admin/src/components/Medication/List/ListMedicine.jsx","all":false,"statementMap":{"0":{"start":{"line":1,"column":0},"end":{"line":1,"column":52}},"1":{"start":{"line":2,"column":0},"end":{"line":2,"column":63}},"2":{"start":{"line":3,"column":0},"end":{"line":3,"column":106}},"3":{"start":{"line":4,"column":0},"end":{"line":4,"column":58}},"4":{"start":{"line":5,"column":0},"end":{"line":5,"column":47}},"5":{"start":{"line":6,"column":0},"end":{"line":6,"column":29}},"6":{"start":{"line":7,"column":0},"end":{"line":7,"column":68}},"7":{"start":{"line":8,"column":0},"end":{"line":8,"column":42}},"8":{"start":{"line":9,"column":0},"end":{"line":9,"column":39}},"9":{"start":{"line":10,"column":0},"end":{"line":10,"column":47}},"10":{"start":{"line":11,"column":0},"end":{"line":11,"column":0}},"11":{"start":{"line":12,"column":0},"end":{"line":12,"column":0}},"12":{"start":{"line":13,"column":0},"end":{"line":13,"column":72}},"13":{"start":{"line":14,"column":0},"end":{"line":14,"column":1}},"14":{"start":{"line":15,"column":0},"end":{"line":15,"column":64}},"15":{"start":{"line":16,"column":0},"end":{"line":16,"column":0}},"16":{"start":{"line":17,"column":0},"end":{"line":17,"column":69}},"17":{"start":{"line":18,"column":0},"end":{"line":18,"column":0}},"18":{"start":{"line":19,"column":0},"end":{"line":19,"column":38}},"19":{"start":{"line":20,"column":0},"end":{"line":20,"column":0}},"20":{"start":{"line":21,"column":0},"end":{"line":21,"column":122}},"21":{"start":{"line":22,"column":0},"end":{"line":22,"column":0}},"22":{"start":{"line":23,"column":0},"end":{"line":23,"column":40}},"23":{"start":{"line":24,"column":0},"end":{"line":24,"column":75}},"24":{"start":{"line":25,"column":0},"end":{"line":25,"column":5}},"25":{"start":{"line":26,"column":0},"end":{"line":26,"column":0}},"26":{"start":{"line":27,"column":0},"end":{"line":27,"column":43}},"27":{"start":{"line":28,"column":0},"end":{"line":28,"column":0}},"28":{"start":{"line":29,"column":0},"end":{"line":29,"column":27}},"29":{"start":{"line":30,"column":0},"end":{"line":30,"column":60}},"30":{"start":{"line":31,"column":0},"end":{"line":31,"column":50}},"31":{"start":{"line":32,"column":0},"end":{"line":32,"column":0}},"32":{"start":{"line":33,"column":0},"end":{"line":33,"column":53}},"33":{"start":{"line":34,"column":0},"end":{"line":34,"column":0}},"34":{"start":{"line":35,"column":0},"end":{"line":35,"column":114}},"35":{"start":{"line":36,"column":0},"end":{"line":36,"column":7}},"36":{"start":{"line":37,"column":0},"end":{"line":37,"column":0}},"37":{"start":{"line":38,"column":0},"end":{"line":38,"column":5}},"38":{"start":{"line":39,"column":0},"end":{"line":39,"column":0}},"39":{"start":{"line":40,"column":0},"end":{"line":40,"column":36}},"40":{"start":{"line":41,"column":0},"end":{"line":41,"column":7}},"41":{"start":{"line":42,"column":0},"end":{"line":42,"column":23}},"42":{"start":{"line":43,"column":0},"end":{"line":43,"column":27}},"43":{"start":{"line":44,"column":0},"end":{"line":44,"column":8}},"44":{"start":{"line":45,"column":0},"end":{"line":45,"column":7}},"45":{"start":{"line":46,"column":0},"end":{"line":46,"column":27}},"46":{"start":{"line":47,"column":0},"end":{"line":47,"column":31}},"47":{"start":{"line":48,"column":0},"end":{"line":48,"column":8}},"48":{"start":{"line":49,"column":0},"end":{"line":49,"column":7}},"49":{"start":{"line":50,"column":0},"end":{"line":50,"column":30}},"50":{"start":{"line":51,"column":0},"end":{"line":51,"column":34}},"51":{"start":{"line":52,"column":0},"end":{"line":52,"column":8}},"52":{"start":{"line":53,"column":0},"end":{"line":53,"column":7}},"53":{"start":{"line":54,"column":0},"end":{"line":54,"column":28}},"54":{"start":{"line":55,"column":0},"end":{"line":55,"column":32}},"55":{"start":{"line":56,"column":0},"end":{"line":56,"column":8}},"56":{"start":{"line":57,"column":0},"end":{"line":57,"column":7}},"57":{"start":{"line":58,"column":0},"end":{"line":58,"column":27}},"58":{"start":{"line":59,"column":0},"end":{"line":59,"column":31}},"59":{"start":{"line":60,"column":0},"end":{"line":60,"column":8}},"60":{"start":{"line":61,"column":0},"end":{"line":61,"column":7}},"61":{"start":{"line":62,"column":0},"end":{"line":62,"column":24}},"62":{"start":{"line":63,"column":0},"end":{"line":63,"column":28}},"63":{"start":{"line":64,"column":0},"end":{"line":64,"column":8}},"64":{"start":{"line":65,"column":0},"end":{"line":65,"column":7}},"65":{"start":{"line":66,"column":0},"end":{"line":66,"column":26}},"66":{"start":{"line":67,"column":0},"end":{"line":67,"column":26}},"67":{"start":{"line":68,"column":0},"end":{"line":68,"column":37}},"68":{"start":{"line":69,"column":0},"end":{"line":69,"column":19}},"69":{"start":{"line":70,"column":0},"end":{"line":70,"column":163}},"70":{"start":{"line":71,"column":0},"end":{"line":71,"column":0}},"71":{"start":{"line":72,"column":0},"end":{"line":72,"column":160}},"72":{"start":{"line":73,"column":0},"end":{"line":73,"column":13}},"73":{"start":{"line":74,"column":0},"end":{"line":74,"column":10}},"74":{"start":{"line":75,"column":0},"end":{"line":75,"column":7}},"75":{"start":{"line":76,"column":0},"end":{"line":76,"column":11}},"76":{"start":{"line":77,"column":0},"end":{"line":77,"column":0}},"77":{"start":{"line":78,"column":0},"end":{"line":78,"column":34}},"78":{"start":{"line":79,"column":0},"end":{"line":79,"column":19}},"79":{"start":{"line":80,"column":0},"end":{"line":80,"column":14}},"80":{"start":{"line":81,"column":0},"end":{"line":81,"column":41}},"81":{"start":{"line":82,"column":0},"end":{"line":82,"column":52}},"82":{"start":{"line":83,"column":0},"end":{"line":83,"column":6}},"83":{"start":{"line":84,"column":0},"end":{"line":84,"column":0}},"84":{"start":{"line":85,"column":0},"end":{"line":85,"column":21}},"85":{"start":{"line":86,"column":0},"end":{"line":86,"column":45}},"86":{"start":{"line":87,"column":0},"end":{"line":87,"column":25}},"87":{"start":{"line":88,"column":0},"end":{"line":88,"column":0}},"88":{"start":{"line":89,"column":0},"end":{"line":89,"column":10}},"89":{"start":{"line":90,"column":0},"end":{"line":90,"column":9}},"90":{"start":{"line":91,"column":0},"end":{"line":91,"column":35}},"91":{"start":{"line":92,"column":0},"end":{"line":92,"column":0}},"92":{"start":{"line":93,"column":0},"end":{"line":93,"column":23}},"93":{"start":{"line":94,"column":0},"end":{"line":94,"column":33}},"94":{"start":{"line":95,"column":0},"end":{"line":95,"column":118}},"95":{"start":{"line":96,"column":0},"end":{"line":96,"column":4}},"96":{"start":{"line":97,"column":0},"end":{"line":97,"column":23}},"97":{"start":{"line":98,"column":0},"end":{"line":98,"column":14}},"98":{"start":{"line":99,"column":0},"end":{"line":99,"column":82}},"99":{"start":{"line":100,"column":0},"end":{"line":100,"column":21}},"100":{"start":{"line":101,"column":0},"end":{"line":101,"column":61}},"101":{"start":{"line":102,"column":0},"end":{"line":102,"column":43}},"102":{"start":{"line":103,"column":0},"end":{"line":103,"column":21}},"103":{"start":{"line":104,"column":0},"end":{"line":104,"column":57}},"104":{"start":{"line":105,"column":0},"end":{"line":105,"column":44}},"105":{"start":{"line":106,"column":0},"end":{"line":106,"column":91}},"106":{"start":{"line":107,"column":0},"end":{"line":107,"column":29}},"107":{"start":{"line":108,"column":0},"end":{"line":108,"column":24}},"108":{"start":{"line":109,"column":0},"end":{"line":109,"column":21}},"109":{"start":{"line":110,"column":0},"end":{"line":110,"column":23}},"110":{"start":{"line":111,"column":0},"end":{"line":111,"column":19}},"111":{"start":{"line":112,"column":0},"end":{"line":112,"column":22}},"112":{"start":{"line":113,"column":0},"end":{"line":113,"column":21}},"113":{"start":{"line":114,"column":0},"end":{"line":114,"column":54}},"114":{"start":{"line":115,"column":0},"end":{"line":115,"column":62}},"115":{"start":{"line":116,"column":0},"end":{"line":116,"column":56}},"116":{"start":{"line":117,"column":0},"end":{"line":117,"column":40}},"117":{"start":{"line":118,"column":0},"end":{"line":118,"column":83}},"118":{"start":{"line":119,"column":0},"end":{"line":119,"column":27}},"119":{"start":{"line":120,"column":0},"end":{"line":120,"column":23}},"120":{"start":{"line":121,"column":0},"end":{"line":121,"column":23}},"121":{"start":{"line":122,"column":0},"end":{"line":122,"column":19}},"122":{"start":{"line":123,"column":0},"end":{"line":123,"column":22}},"123":{"start":{"line":124,"column":0},"end":{"line":124,"column":20}},"124":{"start":{"line":125,"column":0},"end":{"line":125,"column":6}},"125":{"start":{"line":126,"column":0},"end":{"line":126,"column":50}},"126":{"start":{"line":127,"column":0},"end":{"line":127,"column":26}},"127":{"start":{"line":128,"column":0},"end":{"line":128,"column":16}},"128":{"start":{"line":129,"column":0},"end":{"line":129,"column":95}},"129":{"start":{"line":130,"column":0},"end":{"line":130,"column":33}},"130":{"start":{"line":131,"column":0},"end":{"line":131,"column":76}},"131":{"start":{"line":132,"column":0},"end":{"line":132,"column":78}},"132":{"start":{"line":133,"column":0},"end":{"line":133,"column":18}},"133":{"start":{"line":134,"column":0},"end":{"line":134,"column":33}},"134":{"start":{"line":135,"column":0},"end":{"line":135,"column":72}},"135":{"start":{"line":136,"column":0},"end":{"line":136,"column":74}},"136":{"start":{"line":137,"column":0},"end":{"line":137,"column":18}},"137":{"start":{"line":138,"column":0},"end":{"line":138,"column":118}},"138":{"start":{"line":139,"column":0},"end":{"line":139,"column":6}},"139":{"start":{"line":140,"column":0},"end":{"line":140,"column":27}},"140":{"start":{"line":141,"column":0},"end":{"line":141,"column":18}},"141":{"start":{"line":142,"column":0},"end":{"line":142,"column":6}},"142":{"start":{"line":143,"column":0},"end":{"line":143,"column":24}},"143":{"start":{"line":144,"column":0},"end":{"line":144,"column":4}},"144":{"start":{"line":145,"column":0},"end":{"line":145,"column":15}},"145":{"start":{"line":146,"column":0},"end":{"line":146,"column":8}},"146":{"start":{"line":147,"column":0},"end":{"line":147,"column":10}},"147":{"start":{"line":148,"column":0},"end":{"line":148,"column":3}},"148":{"start":{"line":149,"column":0},"end":{"line":149,"column":1}},"149":{"start":{"line":150,"column":0},"end":{"line":150,"column":0}},"150":{"start":{"line":151,"column":0},"end":{"line":151,"column":27}}},"s":{"0":1,"1":1,"2":1,"3":1,"4":1,"5":1,"6":1,"7":1,"8":1,"9":1,"10":1,"11":1,"12":1,"13":16,"14":16,"15":16,"16":16,"17":16,"18":16,"19":16,"20":16,"21":16,"22":16,"23":1,"24":1,"25":16,"26":16,"27":1,"28":1,"29":1,"30":1,"31":1,"32":1,"33":1,"34":1,"35":1,"36":1,"37":1,"38":16,"39":16,"40":4,"41":4,"42":4,"43":4,"44":4,"45":4,"46":4,"47":4,"48":4,"49":4,"50":4,"51":4,"52":4,"53":4,"54":4,"55":4,"56":4,"57":4,"58":4,"59":4,"60":4,"61":4,"62":4,"63":4,"64":4,"65":4,"66":4,"67":11,"68":11,"69":11,"70":11,"71":11,"72":11,"73":11,"74":4,"75":16,"76":16,"77":16,"78":16,"79":16,"80":16,"81":16,"82":16,"83":16,"84":16,"85":4,"86":16,"87":16,"88":16,"89":16,"90":16,"91":16,"92":16,"93":12,"94":12,"95":12,"96":12,"97":12,"98":12,"99":12,"100":12,"101":12,"102":12,"103":12,"104":84,"105":84,"106":84,"107":12,"108":12,"109":12,"110":12,"111":12,"112":12,"113":12,"114":11,"115":11,"116":77,"117":77,"118":77,"119":11,"120":11,"121":12,"122":12,"123":12,"124":12,"125":12,"126":12,"127":12,"128":1,"129":12,"130":1,"131":1,"132":12,"133":12,"134":1,"135":1,"136":12,"137":1,"138":12,"139":12,"140":12,"141":12,"142":12,"143":12,"144":12,"145":16,"146":16,"147":16,"148":16,"149":1,"150":1},"branchMap":{"0":{"type":"branch","line":13,"loc":{"start":{"line":13,"column":21},"end":{"line":149,"column":1}},"locations":[{"start":{"line":13,"column":21},"end":{"line":149,"column":1}}]},"1":{"type":"branch","line":91,"loc":{"start":{"line":91,"column":7},"end":{"line":91,"column":35}},"locations":[{"start":{"line":91,"column":7},"end":{"line":91,"column":35}}]},"2":{"type":"branch","line":93,"loc":{"start":{"line":93,"column":9},"end":{"line":145,"column":15}},"locations":[{"start":{"line":93,"column":9},"end":{"line":145,"column":15}}]},"3":{"type":"branch","line":15,"loc":{"start":{"line":15,"column":33},"end":{"line":15,"column":62}},"locations":[{"start":{"line":15,"column":33},"end":{"line":15,"column":62}}]},"4":{"type":"branch","line":17,"loc":{"start":{"line":17,"column":37},"end":{"line":17,"column":67}},"locations":[{"start":{"line":17,"column":37},"end":{"line":17,"column":67}}]},"5":{"type":"branch","line":23,"loc":{"start":{"line":23,"column":24},"end":{"line":25,"column":5}},"locations":[{"start":{"line":23,"column":24},"end":{"line":25,"column":5}}]},"6":{"type":"branch","line":27,"loc":{"start":{"line":27,"column":26},"end":{"line":38,"column":5}},"locations":[{"start":{"line":27,"column":26},"end":{"line":38,"column":5}}]},"7":{"type":"branch","line":30,"loc":{"start":{"line":30,"column":59},"end":{"line":36,"column":7}},"locations":[{"start":{"line":30,"column":59},"end":{"line":36,"column":7}}]},"8":{"type":"branch","line":40,"loc":{"start":{"line":40,"column":28},"end":{"line":76,"column":8}},"locations":[{"start":{"line":40,"column":28},"end":{"line":76,"column":8}}]},"9":{"type":"branch","line":67,"loc":{"start":{"line":67,"column":14},"end":{"line":74,"column":10}},"locations":[{"start":{"line":67,"column":14},"end":{"line":74,"column":10}}]},"10":{"type":"branch","line":70,"loc":{"start":{"line":70,"column":111},"end":{"line":70,"column":144}},"locations":[{"start":{"line":70,"column":111},"end":{"line":70,"column":144}}]},"11":{"type":"branch","line":72,"loc":{"start":{"line":72,"column":115},"end":{"line":72,"column":140}},"locations":[{"start":{"line":72,"column":115},"end":{"line":72,"column":140}}]},"12":{"type":"branch","line":85,"loc":{"start":{"line":85,"column":14},"end":{"line":87,"column":7}},"locations":[{"start":{"line":85,"column":14},"end":{"line":87,"column":7}}]},"13":{"type":"branch","line":101,"loc":{"start":{"line":101,"column":45},"end":{"line":110,"column":23}},"locations":[{"start":{"line":101,"column":45},"end":{"line":110,"column":23}}]},"14":{"type":"branch","line":104,"loc":{"start":{"line":104,"column":46},"end":{"line":107,"column":29}},"locations":[{"start":{"line":104,"column":46},"end":{"line":107,"column":29}}]},"15":{"type":"branch","line":114,"loc":{"start":{"line":114,"column":46},"end":{"line":121,"column":23}},"locations":[{"start":{"line":114,"column":46},"end":{"line":121,"column":23}}]},"16":{"type":"branch","line":116,"loc":{"start":{"line":116,"column":47},"end":{"line":119,"column":27}},"locations":[{"start":{"line":116,"column":47},"end":{"line":119,"column":27}}]}},"b":{"0":[1],"1":[4],"2":[12],"3":[28],"4":[28],"5":[1],"6":[1],"7":[1],"8":[4],"9":[11],"10":[1],"11":[1],"12":[4],"13":[12],"14":[84],"15":[11],"16":[77]},"fnMap":{"0":{"name":"ListMedicine","decl":{"start":{"line":13,"column":21},"end":{"line":149,"column":1}},"loc":{"start":{"line":13,"column":21},"end":{"line":149,"column":1}},"line":13},"1":{"name":"navigator","decl":{"start":{"line":13,"column":35},"end":{"line":13,"column":65}},"loc":{"start":{"line":13,"column":35},"end":{"line":13,"column":65}},"line":13},"2":{"name":"editHandler","decl":{"start":{"line":23,"column":24},"end":{"line":25,"column":5}},"loc":{"start":{"line":23,"column":24},"end":{"line":25,"column":5}},"line":23},"3":{"name":"deleteHandler","decl":{"start":{"line":27,"column":26},"end":{"line":38,"column":5}},"loc":{"start":{"line":27,"column":26},"end":{"line":38,"column":5}},"line":27},"4":{"name":"cell","decl":{"start":{"line":67,"column":14},"end":{"line":74,"column":10}},"loc":{"start":{"line":67,"column":14},"end":{"line":74,"column":10}},"line":67},"5":{"name":"onClick","decl":{"start":{"line":70,"column":111},"end":{"line":70,"column":144}},"loc":{"start":{"line":70,"column":111},"end":{"line":70,"column":144}},"line":70},"6":{"name":"onClick","decl":{"start":{"line":72,"column":115},"end":{"line":72,"column":140}},"loc":{"start":{"line":72,"column":115},"end":{"line":72,"column":140}},"line":72},"7":{"name":"onClick","decl":{"start":{"line":129,"column":64},"end":{"line":129,"column":93}},"loc":{"start":{"line":129,"column":64},"end":{"line":129,"column":93}},"line":129},"8":{"name":"onClick","decl":{"start":{"line":131,"column":49},"end":{"line":131,"column":76}},"loc":{"start":{"line":131,"column":49},"end":{"line":131,"column":76}},"line":131},"9":{"name":"onClick","decl":{"start":{"line":135,"column":49},"end":{"line":135,"column":72}},"loc":{"start":{"line":135,"column":49},"end":{"line":135,"column":72}},"line":135},"10":{"name":"onClick","decl":{"start":{"line":138,"column":64},"end":{"line":138,"column":116}},"loc":{"start":{"line":138,"column":64},"end":{"line":138,"column":116}},"line":138}},"f":{"0":1,"1":1,"2":1,"3":1,"4":11,"5":1,"6":1,"7":1,"8":1,"9":1,"10":1}}
,"/Users/pk107320/Documents/Projects/medic-admin/src/components/Wrapper/Wrapper.jsx": {"path":"/Users/pk107320/Documents/Projects/medic-admin/src/components/Wrapper/Wrapper.jsx","all":false,"statementMap":{"0":{"start":{"line":1,"column":0},"end":{"line":1,"column":57}},"1":{"start":{"line":2,"column":0},"end":{"line":2,"column":24}},"2":{"start":{"line":3,"column":0},"end":{"line":3,"column":61}},"3":{"start":{"line":4,"column":0},"end":{"line":4,"column":0}},"4":{"start":{"line":5,"column":0},"end":{"line":5,"column":23}},"5":{"start":{"line":6,"column":0},"end":{"line":6,"column":0}},"6":{"start":{"line":7,"column":0},"end":{"line":7,"column":32}},"7":{"start":{"line":8,"column":0},"end":{"line":8,"column":0}},"8":{"start":{"line":9,"column":0},"end":{"line":9,"column":10}},"9":{"start":{"line":10,"column":0},"end":{"line":10,"column":6}},"10":{"start":{"line":11,"column":0},"end":{"line":11,"column":16}},"11":{"start":{"line":12,"column":0},"end":{"line":12,"column":23}},"12":{"start":{"line":13,"column":0},"end":{"line":13,"column":30}},"13":{"start":{"line":14,"column":0},"end":{"line":14,"column":30}},"14":{"start":{"line":15,"column":0},"end":{"line":15,"column":31}},"15":{"start":{"line":16,"column":0},"end":{"line":16,"column":0}},"16":{"start":{"line":17,"column":0},"end":{"line":17,"column":71}},"17":{"start":{"line":18,"column":0},"end":{"line":18,"column":73}},"18":{"start":{"line":19,"column":0},"end":{"line":19,"column":86}},"19":{"start":{"line":20,"column":0},"end":{"line":20,"column":22}},"20":{"start":{"line":21,"column":0},"end":{"line":21,"column":24}},"21":{"start":{"line":22,"column":0},"end":{"line":22,"column":17}},"22":{"start":{"line":23,"column":0},"end":{"line":23,"column":0}},"23":{"start":{"line":24,"column":0},"end":{"line":24,"column":19}},"24":{"start":{"line":25,"column":0},"end":{"line":25,"column":22}},"25":{"start":{"line":26,"column":0},"end":{"line":26,"column":20}},"26":{"start":{"line":27,"column":0},"end":{"line":27,"column":0}},"27":{"start":{"line":28,"column":0},"end":{"line":28,"column":7}},"28":{"start":{"line":29,"column":0},"end":{"line":29,"column":3}},"29":{"start":{"line":30,"column":0},"end":{"line":30,"column":1}},"30":{"start":{"line":31,"column":0},"end":{"line":31,"column":0}},"31":{"start":{"line":32,"column":0},"end":{"line":32,"column":22}}},"s":{"0":1,"1":1,"2":1,"3":1,"4":1,"5":1,"6":1,"7":1,"8":1,"9":1,"10":1,"11":1,"12":1,"13":1,"14":1,"15":1,"16":1,"17":1,"18":1,"19":1,"20":1,"21":1,"22":1,"23":1,"24":1,"25":1,"26":1,"27":1,"28":1,"29":1,"30":1,"31":1},"branchMap":{"0":{"type":"branch","line":5,"loc":{"start":{"line":5,"column":16},"end":{"line":30,"column":1}},"locations":[{"start":{"line":5,"column":16},"end":{"line":30,"column":1}}]}},"b":{"0":[1]},"fnMap":{"0":{"name":"Wrapper","decl":{"start":{"line":5,"column":16},"end":{"line":30,"column":1}},"loc":{"start":{"line":5,"column":16},"end":{"line":30,"column":1}},"line":5}},"f":{"0":1}}
,"/Users/pk107320/Documents/Projects/medic-admin/src/features/drug/drugSaga.js": {"path":"/Users/pk107320/Documents/Projects/medic-admin/src/features/drug/drugSaga.js","all":false,"statementMap":{"0":{"start":{"line":1,"column":0},"end":{"line":1,"column":58}},"1":{"start":{"line":2,"column":0},"end":{"line":2,"column":42}},"2":{"start":{"line":3,"column":0},"end":{"line":3,"column":39}},"3":{"start":{"line":4,"column":0},"end":{"line":4,"column":0}},"4":{"start":{"line":5,"column":0},"end":{"line":5,"column":35}},"5":{"start":{"line":6,"column":0},"end":{"line":6,"column":45}},"6":{"start":{"line":7,"column":0},"end":{"line":7,"column":8}},"7":{"start":{"line":8,"column":0},"end":{"line":8,"column":9}},"8":{"start":{"line":9,"column":0},"end":{"line":9,"column":62}},"9":{"start":{"line":10,"column":0},"end":{"line":10,"column":20}},"10":{"start":{"line":11,"column":0},"end":{"line":11,"column":53}},"11":{"start":{"line":12,"column":0},"end":{"line":12,"column":5}},"12":{"start":{"line":13,"column":0},"end":{"line":13,"column":1}},"13":{"start":{"line":14,"column":0},"end":{"line":14,"column":0}},"14":{"start":{"line":15,"column":0},"end":{"line":15,"column":0}},"15":{"start":{"line":16,"column":0},"end":{"line":16,"column":22}},"16":{"start":{"line":17,"column":0},"end":{"line":17,"column":58}},"17":{"start":{"line":18,"column":0},"end":{"line":18,"column":1}},"18":{"start":{"line":19,"column":0},"end":{"line":19,"column":0}},"19":{"start":{"line":20,"column":0},"end":{"line":20,"column":24}}},"s":{"0":1,"1":1,"2":1,"3":1,"4":1,"5":6,"6":6,"7":6,"8":6,"9":5,"10":1,"11":0,"12":6,"13":1,"14":1,"15":1,"16":1,"17":1,"18":1,"19":1},"branchMap":{"0":{"type":"branch","line":5,"loc":{"start":{"line":5,"column":7},"end":{"line":13,"column":1}},"locations":[{"start":{"line":5,"column":7},"end":{"line":13,"column":1}}]},"1":{"type":"branch","line":9,"loc":{"start":{"line":9,"column":54},"end":{"line":9,"column":60}},"locations":[{"start":{"line":9,"column":54},"end":{"line":9,"column":60}}]},"2":{"type":"branch","line":10,"loc":{"start":{"line":10,"column":-1},"end":{"line":12,"column":5}},"locations":[{"start":{"line":10,"column":-1},"end":{"line":12,"column":5}}]},"3":{"type":"branch","line":10,"loc":{"start":{"line":10,"column":6},"end":{"line":12,"column":5}},"locations":[{"start":{"line":10,"column":6},"end":{"line":12,"column":5}}]},"4":{"type":"branch","line":12,"loc":{"start":{"line":12,"column":-1},"end":{"line":12,"column":5}},"locations":[{"start":{"line":12,"column":-1},"end":{"line":12,"column":5}}]},"5":{"type":"branch","line":16,"loc":{"start":{"line":16,"column":0},"end":{"line":18,"column":1}},"locations":[{"start":{"line":16,"column":0},"end":{"line":18,"column":1}}]}},"b":{"0":[6],"1":[5],"2":[5],"3":[1],"4":[0],"5":[1]},"fnMap":{"0":{"name":"workDrugsFetch","decl":{"start":{"line":5,"column":7},"end":{"line":13,"column":1}},"loc":{"start":{"line":5,"column":7},"end":{"line":13,"column":1}},"line":5},"1":{"name":"drugSaga","decl":{"start":{"line":16,"column":0},"end":{"line":18,"column":1}},"loc":{"start":{"line":16,"column":0},"end":{"line":18,"column":1}},"line":16}},"f":{"0":6,"1":1}}
}
